<?xml version="1.0" encoding="UTF-8"?>
<testsuite xmlns:xsi="http://www.w3.org/2001/XMLSchema-instance" xsi:noNamespaceSchemaLocation="https://maven.apache.org/surefire/maven-surefire-plugin/xsd/surefire-test-report.xsd" name="Homepage elements" time="5.223" tests="1" errors="0" skipped="0" failures="1">
  <properties>
    <property name="awt.toolkit" value="sun.lwawt.macosx.LWCToolkit"/>
    <property name="java.specification.version" value="12"/>
    <property name="webdriver.chrome.driver" value="/Users/goksalcavdar/.m2/repository/webdriver/chromedriver/mac64/87.0.4280.88/chromedriver"/>
    <property name="sun.jnu.encoding" value="UTF-8"/>
    <property name="java.class.path" value="/Users/goksalcavdar/IdeaProjects/PensionsRegulatorProject/target/test-classes:/Users/goksalcavdar/IdeaProjects/PensionsRegulatorProject/target/classes:/Users/goksalcavdar/.m2/repository/io/cucumber/cucumber-java/4.8.1/cucumber-java-4.8.1.jar:/Users/goksalcavdar/.m2/repository/io/cucumber/cucumber-core/4.8.1/cucumber-core-4.8.1.jar:/Users/goksalcavdar/.m2/repository/io/cucumber/gherkin/5.1.0/gherkin-5.1.0.jar:/Users/goksalcavdar/.m2/repository/io/cucumber/tag-expressions/1.1.1/tag-expressions-1.1.1.jar:/Users/goksalcavdar/.m2/repository/io/cucumber/cucumber-expressions/7.0.2/cucumber-expressions-7.0.2.jar:/Users/goksalcavdar/.m2/repository/io/cucumber/datatable/1.1.14/datatable-1.1.14.jar:/Users/goksalcavdar/.m2/repository/io/cucumber/datatable-dependencies/1.1.14/datatable-dependencies-1.1.14.jar:/Users/goksalcavdar/.m2/repository/org/apiguardian/apiguardian-api/1.1.0/apiguardian-api-1.1.0.jar:/Users/goksalcavdar/.m2/repository/io/cucumber/cucumber-junit/4.8.1/cucumber-junit-4.8.1.jar:/Users/goksalcavdar/.m2/repository/junit/junit/4.12/junit-4.12.jar:/Users/goksalcavdar/.m2/repository/org/hamcrest/hamcrest-core/1.3/hamcrest-core-1.3.jar:/Users/goksalcavdar/.m2/repository/org/seleniumhq/selenium/selenium-java/3.141.59/selenium-java-3.141.59.jar:/Users/goksalcavdar/.m2/repository/org/seleniumhq/selenium/selenium-api/3.141.59/selenium-api-3.141.59.jar:/Users/goksalcavdar/.m2/repository/org/seleniumhq/selenium/selenium-chrome-driver/3.141.59/selenium-chrome-driver-3.141.59.jar:/Users/goksalcavdar/.m2/repository/org/seleniumhq/selenium/selenium-edge-driver/3.141.59/selenium-edge-driver-3.141.59.jar:/Users/goksalcavdar/.m2/repository/org/seleniumhq/selenium/selenium-firefox-driver/3.141.59/selenium-firefox-driver-3.141.59.jar:/Users/goksalcavdar/.m2/repository/org/seleniumhq/selenium/selenium-ie-driver/3.141.59/selenium-ie-driver-3.141.59.jar:/Users/goksalcavdar/.m2/repository/org/seleniumhq/selenium/selenium-opera-driver/3.141.59/selenium-opera-driver-3.141.59.jar:/Users/goksalcavdar/.m2/repository/org/seleniumhq/selenium/selenium-remote-driver/3.141.59/selenium-remote-driver-3.141.59.jar:/Users/goksalcavdar/.m2/repository/org/seleniumhq/selenium/selenium-safari-driver/3.141.59/selenium-safari-driver-3.141.59.jar:/Users/goksalcavdar/.m2/repository/org/seleniumhq/selenium/selenium-support/3.141.59/selenium-support-3.141.59.jar:/Users/goksalcavdar/.m2/repository/net/bytebuddy/byte-buddy/1.8.15/byte-buddy-1.8.15.jar:/Users/goksalcavdar/.m2/repository/org/apache/commons/commons-exec/1.3/commons-exec-1.3.jar:/Users/goksalcavdar/.m2/repository/com/google/guava/guava/25.0-jre/guava-25.0-jre.jar:/Users/goksalcavdar/.m2/repository/com/google/code/findbugs/jsr305/1.3.9/jsr305-1.3.9.jar:/Users/goksalcavdar/.m2/repository/org/checkerframework/checker-compat-qual/2.0.0/checker-compat-qual-2.0.0.jar:/Users/goksalcavdar/.m2/repository/com/google/errorprone/error_prone_annotations/2.1.3/error_prone_annotations-2.1.3.jar:/Users/goksalcavdar/.m2/repository/com/google/j2objc/j2objc-annotations/1.1/j2objc-annotations-1.1.jar:/Users/goksalcavdar/.m2/repository/org/codehaus/mojo/animal-sniffer-annotations/1.14/animal-sniffer-annotations-1.14.jar:/Users/goksalcavdar/.m2/repository/com/squareup/okhttp3/okhttp/3.11.0/okhttp-3.11.0.jar:/Users/goksalcavdar/.m2/repository/com/squareup/okio/okio/1.14.0/okio-1.14.0.jar:/Users/goksalcavdar/.m2/repository/io/github/bonigarcia/webdrivermanager/3.8.1/webdrivermanager-3.8.1.jar:/Users/goksalcavdar/.m2/repository/org/slf4j/slf4j-api/1.7.25/slf4j-api-1.7.25.jar:/Users/goksalcavdar/.m2/repository/commons-io/commons-io/2.6/commons-io-2.6.jar:/Users/goksalcavdar/.m2/repository/com/google/code/gson/gson/2.8.5/gson-2.8.5.jar:/Users/goksalcavdar/.m2/repository/org/apache/commons/commons-lang3/3.8.1/commons-lang3-3.8.1.jar:/Users/goksalcavdar/.m2/repository/org/apache/httpcomponents/httpclient/4.5.6/httpclient-4.5.6.jar:/Users/goksalcavdar/.m2/repository/org/apache/httpcomponents/httpcore/4.4.10/httpcore-4.4.10.jar:/Users/goksalcavdar/.m2/repository/commons-logging/commons-logging/1.2/commons-logging-1.2.jar:/Users/goksalcavdar/.m2/repository/commons-codec/commons-codec/1.10/commons-codec-1.10.jar:/Users/goksalcavdar/.m2/repository/org/rauschig/jarchivelib/1.0.0/jarchivelib-1.0.0.jar:/Users/goksalcavdar/.m2/repository/org/apache/commons/commons-compress/1.18/commons-compress-1.18.jar:/Users/goksalcavdar/.m2/repository/org/jsoup/jsoup/1.11.3/jsoup-1.11.3.jar:/Users/goksalcavdar/.m2/repository/io/rest-assured/rest-assured/4.2.0/rest-assured-4.2.0.jar:/Users/goksalcavdar/.m2/repository/org/codehaus/groovy/groovy/2.5.8/groovy-2.5.8.jar:/Users/goksalcavdar/.m2/repository/org/codehaus/groovy/groovy-xml/2.5.8/groovy-xml-2.5.8.jar:/Users/goksalcavdar/.m2/repository/org/apache/httpcomponents/httpmime/4.5.3/httpmime-4.5.3.jar:/Users/goksalcavdar/.m2/repository/org/hamcrest/hamcrest/2.1/hamcrest-2.1.jar:/Users/goksalcavdar/.m2/repository/org/ccil/cowan/tagsoup/tagsoup/1.2.1/tagsoup-1.2.1.jar:/Users/goksalcavdar/.m2/repository/io/rest-assured/json-path/4.2.0/json-path-4.2.0.jar:/Users/goksalcavdar/.m2/repository/org/codehaus/groovy/groovy-json/2.5.8/groovy-json-2.5.8.jar:/Users/goksalcavdar/.m2/repository/io/rest-assured/rest-assured-common/4.2.0/rest-assured-common-4.2.0.jar:/Users/goksalcavdar/.m2/repository/io/rest-assured/xml-path/4.2.0/xml-path-4.2.0.jar:/Users/goksalcavdar/.m2/repository/jakarta/xml/bind/jakarta.xml.bind-api/2.3.2/jakarta.xml.bind-api-2.3.2.jar:/Users/goksalcavdar/.m2/repository/jakarta/activation/jakarta.activation-api/1.2.1/jakarta.activation-api-1.2.1.jar:/Users/goksalcavdar/.m2/repository/com/sun/xml/bind/jaxb-osgi/2.3.0.1/jaxb-osgi-2.3.0.1.jar:/Users/goksalcavdar/.m2/repository/org/apache/sling/org.apache.sling.javax.activation/0.1.0/org.apache.sling.javax.activation-0.1.0.jar:/Users/goksalcavdar/.m2/repository/javax/activation/activation/1.1.1/activation-1.1.1.jar:/Users/goksalcavdar/.m2/repository/com/github/javafaker/javafaker/1.0.1/javafaker-1.0.1.jar:/Users/goksalcavdar/.m2/repository/org/yaml/snakeyaml/1.23/snakeyaml-1.23-android.jar:/Users/goksalcavdar/.m2/repository/com/github/mifmif/generex/1.0.2/generex-1.0.2.jar:/Users/goksalcavdar/.m2/repository/dk/brics/automaton/automaton/1.11-8/automaton-1.11-8.jar:/Users/goksalcavdar/.m2/repository/log4j/log4j/1.2.17/log4j-1.2.17.jar:"/>
    <property name="java.vm.vendor" value="Oracle Corporation"/>
    <property name="sun.arch.data.model" value="64"/>
    <property name="java.vendor.url" value="https://java.oracle.com/"/>
    <property name="user.timezone" value="Europe/London"/>
    <property name="os.name" value="Mac OS X"/>
    <property name="java.vm.specification.version" value="12"/>
    <property name="sun.java.launcher" value="SUN_STANDARD"/>
    <property name="user.country" value="GB"/>
    <property name="sun.boot.library.path" value="/Library/Java/JavaVirtualMachines/jdk-12.0.1.jdk/Contents/Home/lib"/>
    <property name="sun.java.command" value="/Users/goksalcavdar/IdeaProjects/PensionsRegulatorProject/target/surefire/surefirebooter683702707345392756.jar /Users/goksalcavdar/IdeaProjects/PensionsRegulatorProject/target/surefire 2020-12-23T11-02-34_263-jvmRun1 surefire2485659866190064800tmp surefire_02063896518966637397tmp"/>
    <property name="http.nonProxyHosts" value="local|*.local|169.254/16|*.169.254/16"/>
    <property name="jdk.debug" value="release"/>
    <property name="surefire.test.class.path" value="/Users/goksalcavdar/IdeaProjects/PensionsRegulatorProject/target/test-classes:/Users/goksalcavdar/IdeaProjects/PensionsRegulatorProject/target/classes:/Users/goksalcavdar/.m2/repository/io/cucumber/cucumber-java/4.8.1/cucumber-java-4.8.1.jar:/Users/goksalcavdar/.m2/repository/io/cucumber/cucumber-core/4.8.1/cucumber-core-4.8.1.jar:/Users/goksalcavdar/.m2/repository/io/cucumber/gherkin/5.1.0/gherkin-5.1.0.jar:/Users/goksalcavdar/.m2/repository/io/cucumber/tag-expressions/1.1.1/tag-expressions-1.1.1.jar:/Users/goksalcavdar/.m2/repository/io/cucumber/cucumber-expressions/7.0.2/cucumber-expressions-7.0.2.jar:/Users/goksalcavdar/.m2/repository/io/cucumber/datatable/1.1.14/datatable-1.1.14.jar:/Users/goksalcavdar/.m2/repository/io/cucumber/datatable-dependencies/1.1.14/datatable-dependencies-1.1.14.jar:/Users/goksalcavdar/.m2/repository/org/apiguardian/apiguardian-api/1.1.0/apiguardian-api-1.1.0.jar:/Users/goksalcavdar/.m2/repository/io/cucumber/cucumber-junit/4.8.1/cucumber-junit-4.8.1.jar:/Users/goksalcavdar/.m2/repository/junit/junit/4.12/junit-4.12.jar:/Users/goksalcavdar/.m2/repository/org/hamcrest/hamcrest-core/1.3/hamcrest-core-1.3.jar:/Users/goksalcavdar/.m2/repository/org/seleniumhq/selenium/selenium-java/3.141.59/selenium-java-3.141.59.jar:/Users/goksalcavdar/.m2/repository/org/seleniumhq/selenium/selenium-api/3.141.59/selenium-api-3.141.59.jar:/Users/goksalcavdar/.m2/repository/org/seleniumhq/selenium/selenium-chrome-driver/3.141.59/selenium-chrome-driver-3.141.59.jar:/Users/goksalcavdar/.m2/repository/org/seleniumhq/selenium/selenium-edge-driver/3.141.59/selenium-edge-driver-3.141.59.jar:/Users/goksalcavdar/.m2/repository/org/seleniumhq/selenium/selenium-firefox-driver/3.141.59/selenium-firefox-driver-3.141.59.jar:/Users/goksalcavdar/.m2/repository/org/seleniumhq/selenium/selenium-ie-driver/3.141.59/selenium-ie-driver-3.141.59.jar:/Users/goksalcavdar/.m2/repository/org/seleniumhq/selenium/selenium-opera-driver/3.141.59/selenium-opera-driver-3.141.59.jar:/Users/goksalcavdar/.m2/repository/org/seleniumhq/selenium/selenium-remote-driver/3.141.59/selenium-remote-driver-3.141.59.jar:/Users/goksalcavdar/.m2/repository/org/seleniumhq/selenium/selenium-safari-driver/3.141.59/selenium-safari-driver-3.141.59.jar:/Users/goksalcavdar/.m2/repository/org/seleniumhq/selenium/selenium-support/3.141.59/selenium-support-3.141.59.jar:/Users/goksalcavdar/.m2/repository/net/bytebuddy/byte-buddy/1.8.15/byte-buddy-1.8.15.jar:/Users/goksalcavdar/.m2/repository/org/apache/commons/commons-exec/1.3/commons-exec-1.3.jar:/Users/goksalcavdar/.m2/repository/com/google/guava/guava/25.0-jre/guava-25.0-jre.jar:/Users/goksalcavdar/.m2/repository/com/google/code/findbugs/jsr305/1.3.9/jsr305-1.3.9.jar:/Users/goksalcavdar/.m2/repository/org/checkerframework/checker-compat-qual/2.0.0/checker-compat-qual-2.0.0.jar:/Users/goksalcavdar/.m2/repository/com/google/errorprone/error_prone_annotations/2.1.3/error_prone_annotations-2.1.3.jar:/Users/goksalcavdar/.m2/repository/com/google/j2objc/j2objc-annotations/1.1/j2objc-annotations-1.1.jar:/Users/goksalcavdar/.m2/repository/org/codehaus/mojo/animal-sniffer-annotations/1.14/animal-sniffer-annotations-1.14.jar:/Users/goksalcavdar/.m2/repository/com/squareup/okhttp3/okhttp/3.11.0/okhttp-3.11.0.jar:/Users/goksalcavdar/.m2/repository/com/squareup/okio/okio/1.14.0/okio-1.14.0.jar:/Users/goksalcavdar/.m2/repository/io/github/bonigarcia/webdrivermanager/3.8.1/webdrivermanager-3.8.1.jar:/Users/goksalcavdar/.m2/repository/org/slf4j/slf4j-api/1.7.25/slf4j-api-1.7.25.jar:/Users/goksalcavdar/.m2/repository/commons-io/commons-io/2.6/commons-io-2.6.jar:/Users/goksalcavdar/.m2/repository/com/google/code/gson/gson/2.8.5/gson-2.8.5.jar:/Users/goksalcavdar/.m2/repository/org/apache/commons/commons-lang3/3.8.1/commons-lang3-3.8.1.jar:/Users/goksalcavdar/.m2/repository/org/apache/httpcomponents/httpclient/4.5.6/httpclient-4.5.6.jar:/Users/goksalcavdar/.m2/repository/org/apache/httpcomponents/httpcore/4.4.10/httpcore-4.4.10.jar:/Users/goksalcavdar/.m2/repository/commons-logging/commons-logging/1.2/commons-logging-1.2.jar:/Users/goksalcavdar/.m2/repository/commons-codec/commons-codec/1.10/commons-codec-1.10.jar:/Users/goksalcavdar/.m2/repository/org/rauschig/jarchivelib/1.0.0/jarchivelib-1.0.0.jar:/Users/goksalcavdar/.m2/repository/org/apache/commons/commons-compress/1.18/commons-compress-1.18.jar:/Users/goksalcavdar/.m2/repository/org/jsoup/jsoup/1.11.3/jsoup-1.11.3.jar:/Users/goksalcavdar/.m2/repository/io/rest-assured/rest-assured/4.2.0/rest-assured-4.2.0.jar:/Users/goksalcavdar/.m2/repository/org/codehaus/groovy/groovy/2.5.8/groovy-2.5.8.jar:/Users/goksalcavdar/.m2/repository/org/codehaus/groovy/groovy-xml/2.5.8/groovy-xml-2.5.8.jar:/Users/goksalcavdar/.m2/repository/org/apache/httpcomponents/httpmime/4.5.3/httpmime-4.5.3.jar:/Users/goksalcavdar/.m2/repository/org/hamcrest/hamcrest/2.1/hamcrest-2.1.jar:/Users/goksalcavdar/.m2/repository/org/ccil/cowan/tagsoup/tagsoup/1.2.1/tagsoup-1.2.1.jar:/Users/goksalcavdar/.m2/repository/io/rest-assured/json-path/4.2.0/json-path-4.2.0.jar:/Users/goksalcavdar/.m2/repository/org/codehaus/groovy/groovy-json/2.5.8/groovy-json-2.5.8.jar:/Users/goksalcavdar/.m2/repository/io/rest-assured/rest-assured-common/4.2.0/rest-assured-common-4.2.0.jar:/Users/goksalcavdar/.m2/repository/io/rest-assured/xml-path/4.2.0/xml-path-4.2.0.jar:/Users/goksalcavdar/.m2/repository/jakarta/xml/bind/jakarta.xml.bind-api/2.3.2/jakarta.xml.bind-api-2.3.2.jar:/Users/goksalcavdar/.m2/repository/jakarta/activation/jakarta.activation-api/1.2.1/jakarta.activation-api-1.2.1.jar:/Users/goksalcavdar/.m2/repository/com/sun/xml/bind/jaxb-osgi/2.3.0.1/jaxb-osgi-2.3.0.1.jar:/Users/goksalcavdar/.m2/repository/org/apache/sling/org.apache.sling.javax.activation/0.1.0/org.apache.sling.javax.activation-0.1.0.jar:/Users/goksalcavdar/.m2/repository/javax/activation/activation/1.1.1/activation-1.1.1.jar:/Users/goksalcavdar/.m2/repository/com/github/javafaker/javafaker/1.0.1/javafaker-1.0.1.jar:/Users/goksalcavdar/.m2/repository/org/yaml/snakeyaml/1.23/snakeyaml-1.23-android.jar:/Users/goksalcavdar/.m2/repository/com/github/mifmif/generex/1.0.2/generex-1.0.2.jar:/Users/goksalcavdar/.m2/repository/dk/brics/automaton/automaton/1.11-8/automaton-1.11-8.jar:/Users/goksalcavdar/.m2/repository/log4j/log4j/1.2.17/log4j-1.2.17.jar:"/>
    <property name="sun.cpu.endian" value="little"/>
    <property name="user.home" value="/Users/goksalcavdar"/>
    <property name="user.language" value="en"/>
    <property name="java.specification.vendor" value="Oracle Corporation"/>
    <property name="java.version.date" value="2019-04-16"/>
    <property name="java.home" value="/Library/Java/JavaVirtualMachines/jdk-12.0.1.jdk/Contents/Home"/>
    <property name="file.separator" value="/"/>
    <property name="basedir" value="/Users/goksalcavdar/IdeaProjects/PensionsRegulatorProject"/>
    <property name="java.vm.compressedOopsMode" value="Zero based"/>
    <property name="line.separator" value="&#10;"/>
    <property name="java.vm.specification.vendor" value="Oracle Corporation"/>
    <property name="java.specification.name" value="Java Platform API Specification"/>
    <property name="java.awt.graphicsenv" value="sun.awt.CGraphicsEnvironment"/>
    <property name="surefire.real.class.path" value="/Users/goksalcavdar/IdeaProjects/PensionsRegulatorProject/target/surefire/surefirebooter683702707345392756.jar"/>
    <property name="sun.management.compiler" value="HotSpot 64-Bit Tiered Compilers"/>
    <property name="ftp.nonProxyHosts" value="local|*.local|169.254/16|*.169.254/16"/>
    <property name="java.runtime.version" value="12.0.1+12"/>
    <property name="user.name" value="goksalcavdar"/>
    <property name="path.separator" value=":"/>
    <property name="os.version" value="10.15.7"/>
    <property name="java.runtime.name" value="Java(TM) SE Runtime Environment"/>
    <property name="file.encoding" value="UTF-8"/>
    <property name="java.vm.name" value="Java HotSpot(TM) 64-Bit Server VM"/>
    <property name="localRepository" value="/Users/goksalcavdar/.m2/repository"/>
    <property name="java.vendor.url.bug" value="https://bugreport.java.com/bugreport/"/>
    <property name="java.io.tmpdir" value="/var/folders/8d/2k8k0_ns53q6rnrx1kymhcym0000gp/T/"/>
    <property name="idea.version" value="2020.2.2"/>
    <property name="java.version" value="12.0.1"/>
    <property name="user.dir" value="/Users/goksalcavdar/IdeaProjects/PensionsRegulatorProject"/>
    <property name="os.arch" value="x86_64"/>
    <property name="java.vm.specification.name" value="Java Virtual Machine Specification"/>
    <property name="java.library.path" value="/Users/goksalcavdar/Library/Java/Extensions:/Library/Java/Extensions:/Network/Library/Java/Extensions:/System/Library/Java/Extensions:/usr/lib/java:."/>
    <property name="java.vm.info" value="mixed mode, sharing"/>
    <property name="java.vendor" value="Oracle Corporation"/>
    <property name="java.vm.version" value="12.0.1+12"/>
    <property name="sun.io.unicode.encoding" value="UnicodeBig"/>
    <property name="socksNonProxyHosts" value="local|*.local|169.254/16|*.169.254/16"/>
    <property name="java.class.version" value="56.0"/>
  </properties>
  <testcase name="EMPTY_NAME" classname="Homepage elements" time="5.223">
    <failure message="expected:&lt;[New Chair and four new members appointed to TPR&apos;s Determinations Panel]&gt; but was:&lt;[Pension scam busting campaign hits over 100 pledges]&gt;" type="org.junit.ComparisonFailure"><![CDATA[org.junit.ComparisonFailure: expected:<[New Chair and four new members appointed to TPR's Determinations Panel]> but was:<[Pension scam busting campaign hits over 100 pledges]>
]]></failure>
    <system-err><![CDATA[SLF4J: Failed to load class "org.slf4j.impl.StaticLoggerBinder".
SLF4J: Defaulting to no-operation (NOP) logger implementation
SLF4J: See http://www.slf4j.org/codes.html#StaticLoggerBinder for further details.
log4j:WARN No appenders could be found for logger (org.apache.http.client.protocol.RequestAddCookies).
log4j:WARN Please initialize the log4j system properly.
log4j:WARN See http://logging.apache.org/log4j/1.2/faq.html#noconfig for more info.
Starting ChromeDriver 87.0.4280.88 (89e2380a3e36c3464b5dd1302349b1382549290d-refs/branch-heads/4280@{#1761}) on port 35133
Only local connections are allowed.
Please see https://chromedriver.chromium.org/security-considerations for suggestions on keeping ChromeDriver safe.
ChromeDriver was started successfully.
Dec 23, 2020 11:02:38 AM org.openqa.selenium.remote.ProtocolHandshake createSession
INFO: Detected dialect: W3C
]]></system-err>
  </testcase>
</testsuite>